<?xml version="1.0" encoding="UTF-8" standalone="yes"?><!DOCTYPE report PUBLIC "-//JACOCO//DTD Report 1.1//EN" "report.dtd"><report name="jacoco"><sessioninfo id="cp1821-4992727e" start="1659440293221" dump="1659440296686"/><package name="com/coverage/jacoco"><class name="com/coverage/jacoco/MathService" sourcefilename="MathService.java"><method name="&lt;init&gt;" desc="()V" line="8"><counter type="INSTRUCTION" missed="0" covered="3"/><counter type="LINE" missed="0" covered="1"/><counter type="COMPLEXITY" missed="0" covered="1"/><counter type="METHOD" missed="0" covered="1"/></method><method name="divide" desc="(Ljava/math/BigDecimal;)Ljava/math/BigDecimal;" line="11"><counter type="INSTRUCTION" missed="12" covered="8"/><counter type="BRANCH" missed="4" covered="2"/><counter type="LINE" missed="4" covered="3"/><counter type="COMPLEXITY" missed="3" covered="1"/><counter type="METHOD" missed="0" covered="1"/></method><counter type="INSTRUCTION" missed="12" covered="11"/><counter type="BRANCH" missed="4" covered="2"/><counter type="LINE" missed="4" covered="4"/><counter type="COMPLEXITY" missed="3" covered="2"/><counter type="METHOD" missed="0" covered="2"/><counter type="CLASS" missed="0" covered="1"/></class><class name="com/coverage/jacoco/JacocoApplication" sourcefilename="JacocoApplication.java"><method name="&lt;init&gt;" desc="()V" line="7"><counter type="INSTRUCTION" missed="0" covered="3"/><counter type="LINE" missed="0" covered="1"/><counter type="COMPLEXITY" missed="0" covered="1"/><counter type="METHOD" missed="0" covered="1"/></method><method name="main" desc="([Ljava/lang/String;)V" line="10"><counter type="INSTRUCTION" missed="5" covered="0"/><counter type="LINE" missed="2" covered="0"/><counter type="COMPLEXITY" missed="1" covered="0"/><counter type="METHOD" missed="1" covered="0"/></method><counter type="INSTRUCTION" missed="5" covered="3"/><counter type="LINE" missed="2" covered="1"/><counter type="COMPLEXITY" missed="1" covered="1"/><counter type="METHOD" missed="1" covered="1"/><counter type="CLASS" missed="0" covered="1"/></class><sourcefile name="MathService.java"><line nr="8" mi="0" ci="3" mb="0" cb="0"/><line nr="11" mi="0" ci="2" mb="1" cb="1"/><line nr="12" mi="2" ci="0" mb="0" cb="0"/><line nr="15" mi="0" ci="4" mb="1" cb="1"/><line nr="16" mi="0" ci="2" mb="0" cb="0"/><line nr="19" mi="4" ci="0" mb="2" cb="0"/><line nr="20" mi="2" ci="0" mb="0" cb="0"/><line nr="23" mi="4" ci="0" mb="0" cb="0"/><counter type="INSTRUCTION" missed="12" covered="11"/><counter type="BRANCH" missed="4" covered="2"/><counter type="LINE" missed="4" covered="4"/><counter type="COMPLEXITY" missed="3" covered="2"/><counter type="METHOD" missed="0" covered="2"/><counter type="CLASS" missed="0" covered="1"/></sourcefile><sourcefile name="JacocoApplication.java"><line nr="7" mi="0" ci="3" mb="0" cb="0"/><line nr="10" mi="4" ci="0" mb="0" cb="0"/><line nr="11" mi="1" ci="0" mb="0" cb="0"/><counter type="INSTRUCTION" missed="5" covered="3"/><counter type="LINE" missed="2" covered="1"/><counter type="COMPLEXITY" missed="1" covered="1"/><counter type="METHOD" missed="1" covered="1"/><counter type="CLASS" missed="0" covered="1"/></sourcefile><counter type="INSTRUCTION" missed="17" covered="14"/><counter type="BRANCH" missed="4" covered="2"/><counter type="LINE" missed="6" covered="5"/><counter type="COMPLEXITY" missed="4" covered="3"/><counter type="METHOD" missed="1" covered="3"/><counter type="CLASS" missed="0" covered="2"/></package><counter type="INSTRUCTION" missed="17" covered="14"/><counter type="BRANCH" missed="4" covered="2"/><counter type="LINE" missed="6" covered="5"/><counter type="COMPLEXITY" missed="4" covered="3"/><counter type="METHOD" missed="1" covered="3"/><counter type="CLASS" missed="0" covered="2"/></report>